<?xml version="1.0" encoding="UTF-8"?>
<!-- Generated by org.testng.reporters.JUnitReportReporter -->
<testsuite hostname="DESKTOP-TI919J8" failures="0" tests="1" name="com.rmgyantra.com.crudoperation.CreateResourceTest" time="5.860" errors="0" timestamp="2022-02-25T10:24:17 IST" skipped="0">
  <testcase classname="com.rmgyantra.com.crudoperation.CreateResourceTest" name="createresource" time="5.860"/>
  <system-out/>
</testsuite> <!-- com.rmgyantra.com.crudoperation.CreateResourceTest -->
