<?xml version="1.0" encoding="UTF-8"?>
<!-- Generated by org.testng.reporters.JUnitReportReporter -->
<testsuite hostname="DESKTOP-TI919J8" failures="0" tests="1" name="com.rmgyantra.com.Parameters.CreateProjectandAllocateUserTest2" time="9.240" errors="0" timestamp="2022-02-28T19:56:41 IST" skipped="0">
  <testcase classname="com.rmgyantra.com.Parameters.CreateProjectandAllocateUserTest2" name="createandAllocate" time="9.240"/>
  <system-out/>
</testsuite> <!-- com.rmgyantra.com.Parameters.CreateProjectandAllocateUserTest2 -->
