<?xml version="1.0" encoding="UTF-8"?>
<!-- Generated by org.testng.reporters.JUnitReportReporter -->
<testsuite hostname="DESKTOP-TI919J8" failures="0" tests="1" name="com.rmgyantra.com.validations.DynamicResponseValidationTest" time="6.215" errors="0" timestamp="2022-02-28T12:56:47 IST" skipped="0">
  <testcase classname="com.rmgyantra.com.validations.DynamicResponseValidationTest" name="validation" time="6.215"/>
  <system-out/>
</testsuite> <!-- com.rmgyantra.com.validations.DynamicResponseValidationTest -->
