<?xml version="1.0" encoding="UTF-8"?>
<!-- Generated by org.testng.reporters.JUnitReportReporter -->
<testsuite hostname="DESKTOP-TI919J8" failures="0" tests="1" name="com.rmgyantra.com.Parameters.RequestChainingGetandDeleteTest" time="11.692" errors="0" timestamp="2022-02-28T22:32:31 IST" skipped="0">
  <testcase classname="com.rmgyantra.com.Parameters.RequestChainingGetandDeleteTest" name="reqChaining" time="11.692"/>
  <system-out/>
</testsuite> <!-- com.rmgyantra.com.Parameters.RequestChainingGetandDeleteTest -->
