<?xml version="1.0" encoding="UTF-8"?>
<!-- Generated by org.testng.reporters.JUnitReportReporter -->
<testsuite hostname="DESKTOP-TI919J8" failures="0" tests="2" name="com.rmgyantra.com.Authentication.PremptiveAuthTest" time="3.489" errors="0" timestamp="2022-03-01T13:37:09 IST" skipped="0">
  <testcase classname="com.rmgyantra.com.Authentication.PremptiveAuthTest" name="premptiveAuth" time="0.239"/>
  <system-out/>
  <testcase classname="com.rmgyantra.com.Authentication.PremptiveAuthTest" name="digestiveAuth" time="3.250"/>
  <system-out/>
</testsuite> <!-- com.rmgyantra.com.Authentication.PremptiveAuthTest -->
