<?xml version="1.0" encoding="UTF-8"?>
<!-- Generated by org.testng.reporters.JUnitReportReporter -->
<testsuite hostname="DESKTOP-TI919J8" failures="0" tests="1" name="com.rmgyantra.restassuredframework.CreateResoureAndDataBase" time="7.562" errors="0" timestamp="2022-03-18T10:56:59 IST" skipped="0">
  <testcase classname="com.rmgyantra.restassuredframework.CreateResoureAndDataBase" name="create" time="7.562"/>
  <system-out/>
</testsuite> <!-- com.rmgyantra.restassuredframework.CreateResoureAndDataBase -->
