<?xml version="1.0" encoding="UTF-8"?>
<!-- Generated by org.testng.reporters.JUnitReportReporter -->
<testsuite hostname="DESKTOP-TI919J8" failures="0" tests="1" name="com.rmgyantra.com.crudoperationwithBDD.GetResourceTest" time="4.729" errors="0" timestamp="2022-02-25T12:31:53 IST" skipped="0">
  <testcase classname="com.rmgyantra.com.crudoperationwithBDD.GetResourceTest" name="getresource" time="4.729"/>
  <system-out/>
</testsuite> <!-- com.rmgyantra.com.crudoperationwithBDD.GetResourceTest -->
