<?xml version="1.0" encoding="UTF-8"?>
<!-- Generated by org.testng.reporters.JUnitReportReporter -->
<testsuite hostname="DESKTOP-TI919J8" failures="0" tests="1" name="practisecrudoperation.UpdateResourceTest" time="6.030" errors="0" timestamp="2022-02-24T17:03:23 IST" skipped="0">
  <testcase classname="practisecrudoperation.UpdateResourceTest" name="updateresource" time="6.030"/>
  <system-out/>
</testsuite> <!-- practisecrudoperation.UpdateResourceTest -->
