<?xml version="1.0" encoding="UTF-8"?>
<!-- Generated by org.testng.reporters.JUnitReportReporter -->
<testsuite hostname="DESKTOP-TI919J8" failures="0" tests="1" name="com.rmgyantra.com.validations.ValidateUsingTestngTest" time="4.940" errors="0" timestamp="2022-03-01T10:21:32 IST" skipped="0">
  <testcase classname="com.rmgyantra.com.validations.ValidateUsingTestngTest" name="validate" time="4.940"/>
  <system-out/>
</testsuite> <!-- com.rmgyantra.com.validations.ValidateUsingTestngTest -->
