<?xml version="1.0" encoding="UTF-8"?>
<!-- Generated by org.testng.reporters.JUnitReportReporter -->
<testsuite hostname="DESKTOP-TI919J8" failures="0" tests="1" name="com.rmgyantra.com.Authentication.BarrierTokenTest" time="4.617" errors="0" timestamp="2022-03-01T15:12:43 IST" skipped="0">
  <testcase classname="com.rmgyantra.com.Authentication.BarrierTokenTest" name="authentication" time="4.617"/>
  <system-out/>
</testsuite> <!-- com.rmgyantra.com.Authentication.BarrierTokenTest -->
