<?xml version="1.0" encoding="UTF-8"?>
<!-- Generated by org.testng.reporters.JUnitReportReporter -->
<testsuite hostname="DESKTOP-TI919J8" failures="0" tests="1" name="com.rmgyantra.com.Parameters.RequestChainingPostandDeleteTest" time="7.802" errors="0" timestamp="2022-02-28T17:21:57 IST" skipped="0">
  <testcase classname="com.rmgyantra.com.Parameters.RequestChainingPostandDeleteTest" name="reqChaining" time="7.802"/>
  <system-out/>
</testsuite> <!-- com.rmgyantra.com.Parameters.RequestChainingPostandDeleteTest -->
