<?xml version="1.0" encoding="UTF-8"?>
<!-- Generated by org.testng.reporters.JUnitReportReporter -->
<testsuite hostname="DESKTOP-TI919J8" failures="0" tests="1" name="practisecrudoperation.Deleteresource" time="4.291" errors="0" timestamp="2022-02-24T17:14:54 IST" skipped="0">
  <testcase classname="practisecrudoperation.Deleteresource" name="delete" time="4.291"/>
  <system-out/>
</testsuite> <!-- practisecrudoperation.Deleteresource -->
