<?xml version="1.0" encoding="UTF-8"?>
<!-- Generated by org.testng.reporters.JUnitReportReporter -->
<testsuite hostname="DESKTOP-TI919J8" failures="0" tests="1" name="com.rmgyantra.EndtoEndTesting.End2EndTest" time="8.507" errors="0" timestamp="2022-03-01T17:45:51 IST" skipped="0">
  <testcase classname="com.rmgyantra.EndtoEndTesting.End2EndTest" name="end2end" time="8.507"/>
  <system-out/>
</testsuite> <!-- com.rmgyantra.EndtoEndTesting.End2EndTest -->
