<?xml version="1.0" encoding="UTF-8"?>
<!-- Generated by org.testng.reporters.JUnitReportReporter -->
<testsuite hostname="DESKTOP-TI919J8" failures="0" tests="1" name="com.rmgyantra.diffWaystoPostRequest.CreateUsingPojo" time="6.502" errors="0" timestamp="2022-02-25T15:55:35 IST" skipped="0">
  <testcase classname="com.rmgyantra.diffWaystoPostRequest.CreateUsingPojo" name="createResource" time="6.502"/>
  <system-out/>
</testsuite> <!-- com.rmgyantra.diffWaystoPostRequest.CreateUsingPojo -->
