<?xml version="1.0" encoding="UTF-8"?>
<!-- Generated by org.testng.reporters.JUnitReportReporter -->
<testsuite hostname="DESKTOP-TI919J8" failures="0" tests="1" name="practisecrudoperation.PatchResource" time="7.349" errors="0" timestamp="2022-02-24T17:52:43 IST" skipped="0">
  <testcase classname="practisecrudoperation.PatchResource" name="patchresource" time="7.349"/>
  <system-out/>
</testsuite> <!-- practisecrudoperation.PatchResource -->
