<?xml version="1.0" encoding="UTF-8"?>
<!-- Generated by org.testng.reporters.JUnitReportReporter -->
<testsuite hostname="DESKTOP-TI919J8" failures="0" tests="1" name="com.rmgyantra.com.Authentication.BasicAuthTest" time="4.806" errors="0" timestamp="2022-03-01T13:10:44 IST" skipped="0">
  <testcase classname="com.rmgyantra.com.Authentication.BasicAuthTest" name="authentication" time="4.806"/>
  <system-out/>
</testsuite> <!-- com.rmgyantra.com.Authentication.BasicAuthTest -->
