<?xml version="1.0" encoding="UTF-8"?>
<!-- Generated by org.testng.reporters.JUnitReportReporter -->
<testsuite hostname="DESKTOP-TI919J8" failures="0" tests="1" name="practisecrudoperation.GetResource" time="4.415" errors="0" timestamp="2022-02-24T18:05:25 IST" skipped="0">
  <testcase classname="practisecrudoperation.GetResource" name="getresource" time="4.415"/>
  <system-out/>
</testsuite> <!-- practisecrudoperation.GetResource -->
