<?xml version="1.0" encoding="UTF-8"?>
<!-- Generated by org.testng.reporters.JUnitReportReporter -->
<testsuite hostname="DESKTOP-TI919J8" failures="0" tests="1" name="com.rmgyantra.diffWaystoPostRequest.CreateUsingHashMap" time="5.652" errors="0" timestamp="2022-02-25T15:33:58 IST" skipped="0">
  <testcase classname="com.rmgyantra.diffWaystoPostRequest.CreateUsingHashMap" name="createResource" time="5.652"/>
  <system-out/>
</testsuite> <!-- com.rmgyantra.diffWaystoPostRequest.CreateUsingHashMap -->
