<?xml version="1.0" encoding="UTF-8"?>
<!-- Generated by org.testng.reporters.JUnitReportReporter -->
<testsuite hostname="DESKTOP-TI919J8" failures="0" tests="1" name="com.rmgyantra.com.validations.ResponsevalidationUsingPostrequest" time="8.694" errors="0" timestamp="2022-02-28T16:28:27 IST" skipped="0">
  <testcase classname="com.rmgyantra.com.validations.ResponsevalidationUsingPostrequest" name="validate" time="8.694"/>
  <system-out/>
</testsuite> <!-- com.rmgyantra.com.validations.ResponsevalidationUsingPostrequest -->
