<?xml version="1.0" encoding="UTF-8"?>
<!-- Generated by org.testng.reporters.JUnitReportReporter -->
<testsuite hostname="DESKTOP-TI919J8" failures="0" tests="4" name="dataDrivenTesting.SameRequestWithMultipleDataTest" time="6.772" errors="0" timestamp="2022-03-01T12:51:00 IST" skipped="0">
  <testcase classname="dataDrivenTesting.SameRequestWithMultipleDataTest" name="create" time="0.180"/>
  <system-out/>
  <testcase classname="dataDrivenTesting.SameRequestWithMultipleDataTest" name="create" time="0.105"/>
  <system-out/>
  <testcase classname="dataDrivenTesting.SameRequestWithMultipleDataTest" name="create" time="6.304"/>
  <system-out/>
  <testcase classname="dataDrivenTesting.SameRequestWithMultipleDataTest" name="create" time="0.183"/>
  <system-out/>
</testsuite> <!-- dataDrivenTesting.SameRequestWithMultipleDataTest -->
