<?xml version="1.0" encoding="UTF-8"?>
<!-- Generated by org.testng.reporters.JUnitReportReporter -->
<testsuite hostname="DESKTOP-TI919J8" failures="0" tests="1" name="com.rmgyantra.com.validations.ValidationUsingHamcrestTest" time="5.379" errors="0" timestamp="2022-02-28T14:39:35 IST" skipped="0">
  <testcase classname="com.rmgyantra.com.validations.ValidationUsingHamcrestTest" name="validationUsingHamcrestTest" time="5.379"/>
  <system-out/>
</testsuite> <!-- com.rmgyantra.com.validations.ValidationUsingHamcrestTest -->
